[ 2017-07-13T11:10:20+08:00 ] ::1 ::1 GET /
[ log ] www.wedring.com/ [运行时间：0.646037s][吞吐率：1.55req/s] [内存消耗：1,426.33kb] [文件加载：32]
[ info ] [ LANG ] E:\wedring\thinkphp\lang\zh-cn.php
[ info ] [ ROUTE ] array (
  'type' => 'module',
  'module' => 
  array (
    0 => '',
    1 => NULL,
    2 => NULL,
  ),
)
[ info ] [ HEADER ] array (
  'host' => 'www.wedring.com',
  'connection' => 'keep-alive',
  'upgrade-insecure-requests' => '1',
  'user-agent' => 'Mozilla/5.0 (Windows NT 6.1) AppleWebKit/537.36 (KHTML, like Gecko) Chrome/59.0.3071.109 Safari/537.36',
  'accept' => 'text/html,application/xhtml+xml,application/xml;q=0.9,image/webp,image/apng,*/*;q=0.8',
  'accept-encoding' => 'gzip, deflate',
  'accept-language' => 'zh-CN,zh;q=0.8',
  'cookie' => 'pgv_pvi=5018330112',
)
[ info ] [ PARAM ] array (
)
[ info ] [ RUN ] app\index\controller\Index->index[ E:\wedring\application\index\controller\Index.php ]
[ info ] [ VIEW ] E:\wedring\public/../application/index\view\index\index.html [ array (
) ]
[ info ] [ LOG ] INIT File

---------------------------------------------------------------
[ 2017-07-13T11:10:24+08:00 ] ::1 ::1 GET /index/user/login
[ log ] www.wedring.com/index/user/login [运行时间：0.194011s][吞吐率：5.15req/s] [内存消耗：1,566.25kb] [文件加载：34]
[ info ] [ LANG ] E:\wedring\thinkphp\lang\zh-cn.php
[ info ] [ ROUTE ] array (
  'type' => 'module',
  'module' => 
  array (
    0 => 'index',
    1 => 'user',
    2 => 'login',
  ),
)
[ info ] [ HEADER ] array (
  'host' => 'www.wedring.com',
  'connection' => 'keep-alive',
  'upgrade-insecure-requests' => '1',
  'user-agent' => 'Mozilla/5.0 (Windows NT 6.1) AppleWebKit/537.36 (KHTML, like Gecko) Chrome/59.0.3071.109 Safari/537.36',
  'accept' => 'text/html,application/xhtml+xml,application/xml;q=0.9,image/webp,image/apng,*/*;q=0.8',
  'referer' => 'http://www.wedring.com/',
  'accept-encoding' => 'gzip, deflate',
  'accept-language' => 'zh-CN,zh;q=0.8',
  'cookie' => 'pgv_pvi=5018330112',
)
[ info ] [ PARAM ] array (
)
[ info ] [ RUN ] app\index\controller\User->login[ E:\wedring\application\index\controller\User.php ]
[ info ] [ VIEW ] E:\wedring\public/../application/index\view\user\login.html [ array (
) ]
[ info ] [ LOG ] INIT File

---------------------------------------------------------------
[ 2017-07-13T11:11:51+08:00 ] ::1 ::1 GET /index/user/login
[ log ] www.wedring.com/index/user/login [运行时间：0.042002s][吞吐率：23.81req/s] [内存消耗：1,566.35kb] [文件加载：34]
[ info ] [ LANG ] E:\wedring\thinkphp\lang\zh-cn.php
[ info ] [ ROUTE ] array (
  'type' => 'module',
  'module' => 
  array (
    0 => 'index',
    1 => 'user',
    2 => 'login',
  ),
)
[ info ] [ HEADER ] array (
  'host' => 'www.wedring.com',
  'connection' => 'keep-alive',
  'cache-control' => 'max-age=0',
  'upgrade-insecure-requests' => '1',
  'user-agent' => 'Mozilla/5.0 (Windows NT 6.1) AppleWebKit/537.36 (KHTML, like Gecko) Chrome/59.0.3071.109 Safari/537.36',
  'accept' => 'text/html,application/xhtml+xml,application/xml;q=0.9,image/webp,image/apng,*/*;q=0.8',
  'referer' => 'http://www.wedring.com/',
  'accept-encoding' => 'gzip, deflate',
  'accept-language' => 'zh-CN,zh;q=0.8',
  'cookie' => 'pgv_pvi=5018330112; hzy_login_back=http://www.wedring.com/',
)
[ info ] [ PARAM ] array (
)
[ info ] [ RUN ] app\index\controller\User->login[ E:\wedring\application\index\controller\User.php ]
[ info ] [ VIEW ] E:\wedring\public/../application/index\view\user\login.html [ array (
) ]
[ info ] [ LOG ] INIT File

---------------------------------------------------------------
[ 2017-07-13T11:13:34+08:00 ] ::1 ::1 GET /syncLogin/qq
[ log ] www.wedring.com/syncLogin/qq [运行时间：0.220013s][吞吐率：4.55req/s] [内存消耗：1,051.73kb] [文件加载：27]
[ info ] [ LANG ] E:\wedring\thinkphp\lang\zh-cn.php
[ info ] [ ROUTE ] array (
  'type' => 'module',
  'module' => 
  array (
    0 => 'syncLogin',
    1 => 'qq',
    2 => NULL,
  ),
)
[ info ] [ HEADER ] array (
  'host' => 'www.wedring.com',
  'connection' => 'keep-alive',
  'upgrade-insecure-requests' => '1',
  'user-agent' => 'Mozilla/5.0 (Windows NT 6.1) AppleWebKit/537.36 (KHTML, like Gecko) Chrome/59.0.3071.109 Safari/537.36',
  'accept' => 'text/html,application/xhtml+xml,application/xml;q=0.9,image/webp,image/apng,*/*;q=0.8',
  'referer' => 'http://www.wedring.com/index/user/login',
  'accept-encoding' => 'gzip, deflate',
  'accept-language' => 'zh-CN,zh;q=0.8',
  'cookie' => 'pgv_pvi=5018330112; hzy_login_back=http://www.wedring.com/',
)
[ info ] [ PARAM ] array (
)
[ info ] [ LOG ] INIT File

---------------------------------------------------------------
[ 2017-07-13T11:14:19+08:00 ] ::1 ::1 GET /index/user/login
[ log ] www.wedring.com/index/user/login [运行时间：0.036002s][吞吐率：27.78req/s] [内存消耗：1,399.46kb] [文件加载：32]
[ info ] [ LANG ] E:\wedring\thinkphp\lang\zh-cn.php
[ info ] [ ROUTE ] array (
  'type' => 'module',
  'module' => 
  array (
    0 => 'index',
    1 => 'user',
    2 => 'login',
  ),
)
[ info ] [ HEADER ] array (
  'host' => 'www.wedring.com',
  'connection' => 'keep-alive',
  'cache-control' => 'max-age=0',
  'upgrade-insecure-requests' => '1',
  'user-agent' => 'Mozilla/5.0 (Windows NT 6.1) AppleWebKit/537.36 (KHTML, like Gecko) Chrome/59.0.3071.109 Safari/537.36',
  'accept' => 'text/html,application/xhtml+xml,application/xml;q=0.9,image/webp,image/apng,*/*;q=0.8',
  'referer' => 'http://www.wedring.com/',
  'accept-encoding' => 'gzip, deflate',
  'accept-language' => 'zh-CN,zh;q=0.8',
  'cookie' => 'pgv_pvi=5018330112; hzy_login_back=http://www.wedring.com/',
)
[ info ] [ PARAM ] array (
)
[ info ] [ RUN ] app\index\controller\User->login[ E:\wedring\application\index\controller\User.php ]
[ info ] [ VIEW ] E:\wedring\public/../application/index\view\user\login.html [ array (
) ]
[ info ] [ LOG ] INIT File

---------------------------------------------------------------
[ 2017-07-13T11:14:43+08:00 ] ::1 ::1 GET /index/user/login
[ log ] www.wedring.com/index/user/login [运行时间：0.035002s][吞吐率：28.57req/s] [内存消耗：1,399.46kb] [文件加载：32]
[ info ] [ LANG ] E:\wedring\thinkphp\lang\zh-cn.php
[ info ] [ ROUTE ] array (
  'type' => 'module',
  'module' => 
  array (
    0 => 'index',
    1 => 'user',
    2 => 'login',
  ),
)
[ info ] [ HEADER ] array (
  'host' => 'www.wedring.com',
  'connection' => 'keep-alive',
  'cache-control' => 'max-age=0',
  'upgrade-insecure-requests' => '1',
  'user-agent' => 'Mozilla/5.0 (Windows NT 6.1) AppleWebKit/537.36 (KHTML, like Gecko) Chrome/59.0.3071.109 Safari/537.36',
  'accept' => 'text/html,application/xhtml+xml,application/xml;q=0.9,image/webp,image/apng,*/*;q=0.8',
  'referer' => 'http://www.wedring.com/',
  'accept-encoding' => 'gzip, deflate',
  'accept-language' => 'zh-CN,zh;q=0.8',
  'cookie' => 'pgv_pvi=5018330112; hzy_login_back=http://www.wedring.com/',
)
[ info ] [ PARAM ] array (
)
[ info ] [ RUN ] app\index\controller\User->login[ E:\wedring\application\index\controller\User.php ]
[ info ] [ VIEW ] E:\wedring\public/../application/index\view\user\login.html [ array (
) ]
[ info ] [ LOG ] INIT File

---------------------------------------------------------------
[ 2017-07-13T11:15:09+08:00 ] ::1 ::1 GET /index/user/login
[ log ] www.wedring.com/index/user/login [运行时间：0.039003s][吞吐率：25.64req/s] [内存消耗：1,399.46kb] [文件加载：32]
[ info ] [ LANG ] E:\wedring\thinkphp\lang\zh-cn.php
[ info ] [ ROUTE ] array (
  'type' => 'module',
  'module' => 
  array (
    0 => 'index',
    1 => 'user',
    2 => 'login',
  ),
)
[ info ] [ HEADER ] array (
  'host' => 'www.wedring.com',
  'connection' => 'keep-alive',
  'cache-control' => 'max-age=0',
  'upgrade-insecure-requests' => '1',
  'user-agent' => 'Mozilla/5.0 (Windows NT 6.1) AppleWebKit/537.36 (KHTML, like Gecko) Chrome/59.0.3071.109 Safari/537.36',
  'accept' => 'text/html,application/xhtml+xml,application/xml;q=0.9,image/webp,image/apng,*/*;q=0.8',
  'referer' => 'http://www.wedring.com/',
  'accept-encoding' => 'gzip, deflate',
  'accept-language' => 'zh-CN,zh;q=0.8',
  'cookie' => 'pgv_pvi=5018330112; hzy_login_back=http://www.wedring.com/',
)
[ info ] [ PARAM ] array (
)
[ info ] [ RUN ] app\index\controller\User->login[ E:\wedring\application\index\controller\User.php ]
[ info ] [ VIEW ] E:\wedring\public/../application/index\view\user\login.html [ array (
) ]
[ info ] [ LOG ] INIT File

---------------------------------------------------------------
[ 2017-07-13T11:16:01+08:00 ] ::1 ::1 GET /index/user/login
[ log ] www.wedring.com/index/user/login [运行时间：0.042002s][吞吐率：23.81req/s] [内存消耗：1,399.40kb] [文件加载：32]
[ info ] [ LANG ] E:\wedring\thinkphp\lang\zh-cn.php
[ info ] [ ROUTE ] array (
  'type' => 'module',
  'module' => 
  array (
    0 => 'index',
    1 => 'user',
    2 => 'login',
  ),
)
[ info ] [ HEADER ] array (
  'host' => 'www.wedring.com',
  'connection' => 'keep-alive',
  'upgrade-insecure-requests' => '1',
  'user-agent' => 'Mozilla/5.0 (Windows NT 6.1) AppleWebKit/537.36 (KHTML, like Gecko) Chrome/59.0.3071.109 Safari/537.36',
  'accept' => 'text/html,application/xhtml+xml,application/xml;q=0.9,image/webp,image/apng,*/*;q=0.8',
  'referer' => 'http://www.wedring.com/',
  'accept-encoding' => 'gzip, deflate',
  'accept-language' => 'zh-CN,zh;q=0.8',
  'cookie' => 'pgv_pvi=5018330112; hzy_login_back=http://www.wedring.com/',
)
[ info ] [ PARAM ] array (
)
[ info ] [ RUN ] app\index\controller\User->login[ E:\wedring\application\index\controller\User.php ]
[ info ] [ VIEW ] E:\wedring\public/../application/index\view\user\login.html [ array (
) ]
[ info ] [ LOG ] INIT File

---------------------------------------------------------------
[ 2017-07-13T11:24:25+08:00 ] ::1 ::1 GET /syncLogin/weixin
[ log ] www.wedring.com/syncLogin/weixin [运行时间：0.037003s][吞吐率：27.02req/s] [内存消耗：1,051.74kb] [文件加载：27]
[ info ] [ LANG ] E:\wedring\thinkphp\lang\zh-cn.php
[ info ] [ ROUTE ] array (
  'type' => 'module',
  'module' => 
  array (
    0 => 'syncLogin',
    1 => 'weixin',
    2 => NULL,
  ),
)
[ info ] [ HEADER ] array (
  'host' => 'www.wedring.com',
  'connection' => 'keep-alive',
  'upgrade-insecure-requests' => '1',
  'user-agent' => 'Mozilla/5.0 (Windows NT 6.1) AppleWebKit/537.36 (KHTML, like Gecko) Chrome/59.0.3071.109 Safari/537.36',
  'accept' => 'text/html,application/xhtml+xml,application/xml;q=0.9,image/webp,image/apng,*/*;q=0.8',
  'referer' => 'http://www.wedring.com/index/user/login',
  'accept-encoding' => 'gzip, deflate',
  'accept-language' => 'zh-CN,zh;q=0.8',
  'cookie' => 'pgv_pvi=5018330112; hzy_login_back=http://www.wedring.com/',
)
[ info ] [ PARAM ] array (
)
[ info ] [ LOG ] INIT File

---------------------------------------------------------------
